<?xml version="1.0" encoding="UTF-8"?>
<testsuite xmlns:xsi="http://www.w3.org/2001/XMLSchema-instance" xsi:noNamespaceSchemaLocation="https://maven.apache.org/surefire/maven-surefire-plugin/xsd/surefire-test-report-3.0.xsd" version="3.0" name="com.hyperesume.HyperesumeApplicationTests" time="6.903" tests="1" errors="0" skipped="0" failures="0">
  <properties>
[...]
</properties>
  <testcase name="contextLoads" classname="com.hyperesume.HyperesumeApplicationTests" time="0.48">
    <system-out><![CDATA[22:28:58.118 [main] INFO org.springframework.test.context.support.AnnotationConfigContextLoaderUtils -- Could not detect default configuration classes for test class [com.hyperesume.HyperesumeApplicationTests]: HyperesumeApplicationTests does not declare any static, non-private, non-final, nested classes annotated with @Configuration.
22:28:58.236 [main] INFO org.springframework.boot.test.context.SpringBootTestContextBootstrapper -- Found @SpringBootConfiguration com.hyperesume.HyperesumeApplication for test class com.hyperesume.HyperesumeApplicationTests
22:28:58.429 [main] INFO org.springframework.boot.devtools.restart.RestartApplicationListener -- Restart disabled due to context in which it is running

  .   ____          _            __ _ _
 /\\ / ___'_ __ _ _(_)_ __  __ _ \ \ \ \
( ( )\___ | '_ | '_| | '_ \/ _` | \ \ \ \
 \\/  ___)| |_)| | | | | || (_| |  ) ) ) )
  '  |____| .__|_| |_|_| |_\__, | / / / /
 =========|_|==============|___/=/_/_/_/
 :: Spring Boot ::                (v3.1.5)

2024-11-29T22:28:58.753-05:00  INFO 28416 --- [           main] c.hyperesume.HyperesumeApplicationTests  : Starting HyperesumeApplicationTests using Java 17.0.13 with PID 28416 (started by Maver in C:\Users\Maver\Desktop\fall24\csye6200\final-project-group_8\backend)
2024-11-29T22:28:58.755-05:00  INFO 28416 --- [           main] c.hyperesume.HyperesumeApplicationTests  : No active profile set, falling back to 1 default profile: "default"
2024-11-29T22:28:59.688-05:00  INFO 28416 --- [           main] .s.d.r.c.RepositoryConfigurationDelegate : Bootstrapping Spring Data JPA repositories in DEFAULT mode.
2024-11-29T22:28:59.771-05:00  INFO 28416 --- [           main] .s.d.r.c.RepositoryConfigurationDelegate : Finished Spring Data repository scanning in 65 ms. Found 2 JPA repository interfaces.
2024-11-29T22:29:00.327-05:00  INFO 28416 --- [           main] o.hibernate.jpa.internal.util.LogHelper  : HHH000204: Processing PersistenceUnitInfo [name: default]
2024-11-29T22:29:00.384-05:00  INFO 28416 --- [           main] org.hibernate.Version                    : HHH000412: Hibernate ORM core version 6.2.13.Final
2024-11-29T22:29:00.386-05:00  INFO 28416 --- [           main] org.hibernate.cfg.Environment            : HHH000406: Using bytecode reflection optimizer
2024-11-29T22:29:00.825-05:00  INFO 28416 --- [           main] o.s.o.j.p.SpringPersistenceUnitInfo      : No LoadTimeWeaver setup: ignoring JPA class transformer
2024-11-29T22:29:00.852-05:00  INFO 28416 --- [           main] com.zaxxer.hikari.HikariDataSource       : HikariPool-1 - Starting...
2024-11-29T22:29:01.043-05:00  INFO 28416 --- [           main] com.zaxxer.hikari.pool.HikariPool        : HikariPool-1 - Added connection com.mysql.cj.jdbc.ConnectionImpl@6115846e
2024-11-29T22:29:01.046-05:00  INFO 28416 --- [           main] com.zaxxer.hikari.HikariDataSource       : HikariPool-1 - Start completed.
2024-11-29T22:29:01.088-05:00  WARN 28416 --- [           main] org.hibernate.orm.deprecation            : HHH90000025: MySQLDialect does not need to be specified explicitly using 'hibernate.dialect' (remove the property setting and it will be selected by default)
2024-11-29T22:29:01.847-05:00  INFO 28416 --- [           main] o.h.e.t.j.p.i.JtaPlatformInitiator       : HHH000489: No JTA platform available (set 'hibernate.transaction.jta.platform' to enable JTA platform integration)
2024-11-29T22:29:01.894-05:00  INFO 28416 --- [           main] j.LocalContainerEntityManagerFactoryBean : Initialized JPA EntityManagerFactory for persistence unit 'default'
2024-11-29T22:29:02.969-05:00  WARN 28416 --- [           main] JpaBaseConfiguration$JpaWebConfiguration : spring.jpa.open-in-view is enabled by default. Therefore, database queries may be performed during view rendering. Explicitly configure spring.jpa.open-in-view to disable this warning
2024-11-29T22:29:03.269-05:00  INFO 28416 --- [           main] o.s.s.web.DefaultSecurityFilterChain     : Will secure any request with [org.springframework.security.web.session.DisableEncodeUrlFilter@235d46b2, org.springframework.security.web.context.request.async.WebAsyncManagerIntegrationFilter@1644cc2d, org.springframework.security.web.context.SecurityContextHolderFilter@7e44f989, org.springframework.security.web.header.HeaderWriterFilter@393d4e34, org.springframework.web.filter.CorsFilter@f83616, org.springframework.security.web.csrf.CsrfFilter@7f33ad20, org.springframework.security.web.authentication.logout.LogoutFilter@280e4390, org.springframework.security.web.authentication.UsernamePasswordAuthenticationFilter@732fa176, org.springframework.security.web.savedrequest.RequestCacheAwareFilter@542c6165, org.springframework.security.web.servletapi.SecurityContextHolderAwareRequestFilter@4a561f7d, org.springframework.security.web.authentication.AnonymousAuthenticationFilter@162a5c4c, org.springframework.security.web.access.ExceptionTranslationFilter@7bfedfb7, org.springframework.security.web.access.intercept.AuthorizationFilter@c6db00d]
2024-11-29T22:29:04.114-05:00  INFO 28416 --- [           main] o.s.b.a.e.web.EndpointLinksResolver      : Exposing 1 endpoint(s) beneath base path '/actuator'
2024-11-29T22:29:04.205-05:00  INFO 28416 --- [           main] c.hyperesume.HyperesumeApplicationTests  : Started HyperesumeApplicationTests in 5.792 seconds (process running for 6.811)
]]></system-out>
  </testcase>
</testsuite>